build/app/intermediates/manifest_merge_blame_file/debug/manifest-merger-blame-debug-report.txt
1<?xml version="1.0" encoding="utf-8"?>
2<manifest xmlns:android="http://schemas.android.com/apk/res/android"
3    package="com.expensemanager.com.expense_manager"
4    android:versionCode="1"
5    android:versionName="1.0.0" >
6
7    <uses-sdk
8        android:minSdkVersion="21"
9        android:targetSdkVersion="34" />
10    <!--
11         The INTERNET permission is required for development. Specifically,
12         the Flutter tool needs it to communicate with the running application
13         to allow setting breakpoints, to provide hot reload, etc.
14    -->
15    <uses-permission android:name="android.permission.INTERNET" />
15-->src/debug/AndroidManifest.xml:6:5-66
15-->src/debug/AndroidManifest.xml:6:22-64
16    <uses-permission android:name="android.permission.RECEIVE_BOOT_COMPLETED" />
16-->src/main/AndroidManifest.xml:3:5-80
16-->src/main/AndroidManifest.xml:3:22-78
17    <uses-permission android:name="android.permission.SCHEDULE_EXACT_ALARM" />
17-->src/main/AndroidManifest.xml:4:5-79
17-->src/main/AndroidManifest.xml:4:22-76
18    <uses-permission android:name="android.permission.USE_EXACT_ALARM" />
18-->src/main/AndroidManifest.xml:5:5-74
18-->src/main/AndroidManifest.xml:5:22-71
19    <!--
20 Required to query activities that can process text, see:
21         https://developer.android.com/training/package-visibility and
22         https://developer.android.com/reference/android/content/Intent#ACTION_PROCESS_TEXT.
23
24         In particular, this is used by the Flutter engine in io.flutter.plugin.text.ProcessTextPlugin.
25    -->
26    <queries>
26-->src/main/AndroidManifest.xml:44:5-49:15
27        <intent>
27-->src/main/AndroidManifest.xml:45:9-48:18
28            <action android:name="android.intent.action.PROCESS_TEXT" />
28-->src/main/AndroidManifest.xml:46:13-72
28-->src/main/AndroidManifest.xml:46:21-70
29
30            <data android:mimeType="text/plain" />
30-->src/main/AndroidManifest.xml:47:13-50
30-->src/main/AndroidManifest.xml:47:19-48
31        </intent>
32    </queries>
33
34    <uses-permission android:name="android.permission.POST_NOTIFICATIONS" />
34-->[:awesome_notifications] AndroidManifest.xml:9:5-77
34-->[:awesome_notifications] AndroidManifest.xml:9:22-74
35    <uses-permission android:name="android.permission.BROADCAST_CLOSE_SYSTEM_DIALOGS" />
35-->[:awesome_notifications] AndroidManifest.xml:10:5-89
35-->[:awesome_notifications] AndroidManifest.xml:10:22-86
36    <uses-permission android:name="android.permission.VIBRATE" />
36-->[:awesome_notifications] AndroidManifest.xml:12:5-66
36-->[:awesome_notifications] AndroidManifest.xml:12:22-63
37    <uses-permission
37-->[me.carda:AndroidAwnCore:0.9.3] AndroidManifest.xml:10:5-12:38
38        android:name="android.permission.BIND_NOTIFICATION_LISTENER_SERVICE"
38-->[me.carda:AndroidAwnCore:0.9.3] AndroidManifest.xml:11:9-77
39        android:maxSdkVersion="22" />
39-->[me.carda:AndroidAwnCore:0.9.3] AndroidManifest.xml:12:9-35
40
41    <permission
41-->[androidx.core:core:1.9.0] AndroidManifest.xml:22:5-24:47
42        android:name="com.expensemanager.com.expense_manager.DYNAMIC_RECEIVER_NOT_EXPORTED_PERMISSION"
42-->[androidx.core:core:1.9.0] AndroidManifest.xml:23:9-81
43        android:protectionLevel="signature" />
43-->[androidx.core:core:1.9.0] AndroidManifest.xml:24:9-44
44
45    <uses-permission android:name="com.expensemanager.com.expense_manager.DYNAMIC_RECEIVER_NOT_EXPORTED_PERMISSION" /> <!-- for android -->
45-->[androidx.core:core:1.9.0] AndroidManifest.xml:26:5-97
45-->[androidx.core:core:1.9.0] AndroidManifest.xml:26:22-94
46    <!-- <uses-permission android:name="com.android.launcher.permission.READ_SETTINGS"/> -->
47    <!-- <uses-permission android:name="com.android.launcher.permission.WRITE_SETTINGS"/> -->
48    <!-- <uses-permission android:name="com.android.launcher.permission.INSTALL_SHORTCUT" /> -->
49    <!-- <uses-permission android:name="com.android.launcher.permission.UNINSTALL_SHORTCUT" /> -->
50    <!-- for Samsung -->
51    <uses-permission android:name="com.sec.android.provider.badge.permission.READ" />
51-->[me.leolin:ShortcutBadger:1.1.22] AndroidManifest.xml:19:5-86
51-->[me.leolin:ShortcutBadger:1.1.22] AndroidManifest.xml:19:22-83
52    <uses-permission android:name="com.sec.android.provider.badge.permission.WRITE" /> <!-- for htc -->
52-->[me.leolin:ShortcutBadger:1.1.22] AndroidManifest.xml:20:5-87
52-->[me.leolin:ShortcutBadger:1.1.22] AndroidManifest.xml:20:22-84
53    <uses-permission android:name="com.htc.launcher.permission.READ_SETTINGS" />
53-->[me.leolin:ShortcutBadger:1.1.22] AndroidManifest.xml:23:5-81
53-->[me.leolin:ShortcutBadger:1.1.22] AndroidManifest.xml:23:22-78
54    <uses-permission android:name="com.htc.launcher.permission.UPDATE_SHORTCUT" /> <!-- for sony -->
54-->[me.leolin:ShortcutBadger:1.1.22] AndroidManifest.xml:24:5-83
54-->[me.leolin:ShortcutBadger:1.1.22] AndroidManifest.xml:24:22-80
55    <uses-permission android:name="com.sonyericsson.home.permission.BROADCAST_BADGE" />
55-->[me.leolin:ShortcutBadger:1.1.22] AndroidManifest.xml:27:5-88
55-->[me.leolin:ShortcutBadger:1.1.22] AndroidManifest.xml:27:22-85
56    <uses-permission android:name="com.sonymobile.home.permission.PROVIDER_INSERT_BADGE" /> <!-- for apex -->
56-->[me.leolin:ShortcutBadger:1.1.22] AndroidManifest.xml:28:5-92
56-->[me.leolin:ShortcutBadger:1.1.22] AndroidManifest.xml:28:22-89
57    <uses-permission android:name="com.anddoes.launcher.permission.UPDATE_COUNT" /> <!-- for solid -->
57-->[me.leolin:ShortcutBadger:1.1.22] AndroidManifest.xml:31:5-84
57-->[me.leolin:ShortcutBadger:1.1.22] AndroidManifest.xml:31:22-81
58    <uses-permission android:name="com.majeur.launcher.permission.UPDATE_BADGE" /> <!-- for huawei -->
58-->[me.leolin:ShortcutBadger:1.1.22] AndroidManifest.xml:34:5-83
58-->[me.leolin:ShortcutBadger:1.1.22] AndroidManifest.xml:34:22-80
59    <uses-permission android:name="com.huawei.android.launcher.permission.CHANGE_BADGE" />
59-->[me.leolin:ShortcutBadger:1.1.22] AndroidManifest.xml:37:5-91
59-->[me.leolin:ShortcutBadger:1.1.22] AndroidManifest.xml:37:22-88
60    <uses-permission android:name="com.huawei.android.launcher.permission.READ_SETTINGS" />
60-->[me.leolin:ShortcutBadger:1.1.22] AndroidManifest.xml:38:5-92
60-->[me.leolin:ShortcutBadger:1.1.22] AndroidManifest.xml:38:22-89
61    <uses-permission android:name="com.huawei.android.launcher.permission.WRITE_SETTINGS" /> <!-- for ZUK -->
61-->[me.leolin:ShortcutBadger:1.1.22] AndroidManifest.xml:39:5-93
61-->[me.leolin:ShortcutBadger:1.1.22] AndroidManifest.xml:39:22-90
62    <uses-permission android:name="android.permission.READ_APP_BADGE" /> <!-- for OPPO -->
62-->[me.leolin:ShortcutBadger:1.1.22] AndroidManifest.xml:42:5-73
62-->[me.leolin:ShortcutBadger:1.1.22] AndroidManifest.xml:42:22-70
63    <uses-permission android:name="com.oppo.launcher.permission.READ_SETTINGS" />
63-->[me.leolin:ShortcutBadger:1.1.22] AndroidManifest.xml:45:5-82
63-->[me.leolin:ShortcutBadger:1.1.22] AndroidManifest.xml:45:22-79
64    <uses-permission android:name="com.oppo.launcher.permission.WRITE_SETTINGS" /> <!-- for EvMe -->
64-->[me.leolin:ShortcutBadger:1.1.22] AndroidManifest.xml:46:5-83
64-->[me.leolin:ShortcutBadger:1.1.22] AndroidManifest.xml:46:22-80
65    <uses-permission android:name="me.everything.badger.permission.BADGE_COUNT_READ" />
65-->[me.leolin:ShortcutBadger:1.1.22] AndroidManifest.xml:49:5-88
65-->[me.leolin:ShortcutBadger:1.1.22] AndroidManifest.xml:49:22-85
66    <uses-permission android:name="me.everything.badger.permission.BADGE_COUNT_WRITE" />
66-->[me.leolin:ShortcutBadger:1.1.22] AndroidManifest.xml:50:5-89
66-->[me.leolin:ShortcutBadger:1.1.22] AndroidManifest.xml:50:22-86
67
68    <application
69        android:name="android.app.Application"
70        android:appComponentFactory="androidx.core.app.CoreComponentFactory"
70-->[androidx.core:core:1.9.0] AndroidManifest.xml:28:18-86
71        android:debuggable="true"
72        android:icon="@mipmap/ic_launcher"
73        android:label="expense_manager" >
74        <activity
75            android:name="com.expensemanager.com.expense_manager.MainActivity"
76            android:configChanges="orientation|keyboardHidden|keyboard|screenSize|smallestScreenSize|locale|layoutDirection|fontScale|screenLayout|density|uiMode"
77            android:exported="true"
78            android:hardwareAccelerated="true"
79            android:launchMode="singleTop"
80            android:taskAffinity=""
81            android:theme="@style/LaunchTheme"
82            android:windowSoftInputMode="adjustResize" >
83
84            <!--
85                 Specifies an Android theme to apply to this Activity as soon as
86                 the Android process has started. This theme is visible to the user
87                 while the Flutter UI initializes. After that, this theme continues
88                 to determine the Window background behind the Flutter UI.
89            -->
90            <meta-data
91                android:name="io.flutter.embedding.android.NormalTheme"
92                android:resource="@style/NormalTheme" />
93
94            <intent-filter>
95                <action android:name="android.intent.action.MAIN" />
96
97                <category android:name="android.intent.category.LAUNCHER" />
98            </intent-filter>
99        </activity>
100        <!--
101             Don't delete the meta-data below.
102             This is used by the Flutter tool to generate GeneratedPluginRegistrant.java
103        -->
104        <meta-data
105            android:name="flutterEmbedding"
106            android:value="2" />
107
108        <receiver
108-->[:awesome_notifications] AndroidManifest.xml:15:9-17:39
109            android:name="me.carda.awesome_notifications.DartNotificationActionReceiver"
109-->[:awesome_notifications] AndroidManifest.xml:16:13-89
110            android:exported="true" />
110-->[:awesome_notifications] AndroidManifest.xml:17:13-36
111        <receiver
111-->[:awesome_notifications] AndroidManifest.xml:18:9-20:39
112            android:name="me.carda.awesome_notifications.DartDismissedNotificationReceiver"
112-->[:awesome_notifications] AndroidManifest.xml:19:13-92
113            android:exported="true" />
113-->[:awesome_notifications] AndroidManifest.xml:20:13-36
114        <receiver
114-->[:awesome_notifications] AndroidManifest.xml:21:9-23:39
115            android:name="me.carda.awesome_notifications.DartScheduledNotificationReceiver"
115-->[:awesome_notifications] AndroidManifest.xml:22:13-92
116            android:exported="true" />
116-->[:awesome_notifications] AndroidManifest.xml:23:13-36
117        <receiver
117-->[:awesome_notifications] AndroidManifest.xml:24:9-38:20
118            android:name="me.carda.awesome_notifications.DartRefreshSchedulesReceiver"
118-->[:awesome_notifications] AndroidManifest.xml:25:13-87
119            android:enabled="true"
119-->[:awesome_notifications] AndroidManifest.xml:26:13-35
120            android:exported="true" >
120-->[:awesome_notifications] AndroidManifest.xml:27:13-36
121            <intent-filter>
121-->[:awesome_notifications] AndroidManifest.xml:28:13-37:29
122                <category android:name="android.intent.category.DEFAULT" />
122-->[:awesome_notifications] AndroidManifest.xml:29:17-76
122-->[:awesome_notifications] AndroidManifest.xml:29:27-73
123
124                <action android:name="android.intent.action.BOOT_COMPLETED" />
124-->[:awesome_notifications] AndroidManifest.xml:31:17-79
124-->[:awesome_notifications] AndroidManifest.xml:31:25-76
125                <action android:name="android.intent.action.LOCKED_BOOT_COMPLETED" />
125-->[:awesome_notifications] AndroidManifest.xml:32:17-86
125-->[:awesome_notifications] AndroidManifest.xml:32:25-83
126                <action android:name="android.intent.action.MY_PACKAGE_REPLACED" />
126-->[:awesome_notifications] AndroidManifest.xml:33:17-84
126-->[:awesome_notifications] AndroidManifest.xml:33:25-81
127                <action android:name="android.intent.action.QUICKBOOT_POWERON" />
127-->[:awesome_notifications] AndroidManifest.xml:34:17-82
127-->[:awesome_notifications] AndroidManifest.xml:34:25-79
128                <action android:name="com.htc.intent.action.QUICKBOOT_POWERON" />
128-->[:awesome_notifications] AndroidManifest.xml:35:17-82
128-->[:awesome_notifications] AndroidManifest.xml:35:25-79
129                <action android:name="android.app.action.SCHEDULE_EXACT_ALARM_PERMISSION_STATE_CHANGED" />
129-->[:awesome_notifications] AndroidManifest.xml:36:17-107
129-->[:awesome_notifications] AndroidManifest.xml:36:25-104
130            </intent-filter>
131        </receiver>
132
133        <service
133-->[:awesome_notifications] AndroidManifest.xml:40:9-43:72
134            android:name="me.carda.awesome_notifications.DartBackgroundService"
134-->[:awesome_notifications] AndroidManifest.xml:41:13-80
135            android:exported="false"
135-->[:awesome_notifications] AndroidManifest.xml:42:13-37
136            android:permission="android.permission.BIND_JOB_SERVICE" />
136-->[:awesome_notifications] AndroidManifest.xml:43:13-69
137        <service
137-->[:awesome_notifications] AndroidManifest.xml:44:9-49:43
138            android:name="me.carda.awesome_notifications.core.services.ForegroundService"
138-->[:awesome_notifications] AndroidManifest.xml:45:13-90
139            android:enabled="true"
139-->[:awesome_notifications] AndroidManifest.xml:46:13-35
140            android:exported="false"
140-->[:awesome_notifications] AndroidManifest.xml:47:13-37
141            android:foregroundServiceType="phoneCall"
141-->[:awesome_notifications] AndroidManifest.xml:48:13-54
142            android:stopWithTask="true" />
142-->[:awesome_notifications] AndroidManifest.xml:49:13-40
143        <service
143-->[me.carda:AndroidAwnCore:0.9.3] AndroidManifest.xml:21:9-28:19
144            android:name="me.carda.awesome_notifications.core.managers.StatusBarManager"
144-->[me.carda:AndroidAwnCore:0.9.3] AndroidManifest.xml:22:13-89
145            android:exported="true"
145-->[me.carda:AndroidAwnCore:0.9.3] AndroidManifest.xml:23:13-36
146            android:label="My Notification Listener Service" >
146-->[me.carda:AndroidAwnCore:0.9.3] AndroidManifest.xml:24:13-61
147            <intent-filter>
147-->[me.carda:AndroidAwnCore:0.9.3] AndroidManifest.xml:25:13-27:29
148                <action android:name="android.service.notification.NotificationListenerService" />
148-->[me.carda:AndroidAwnCore:0.9.3] AndroidManifest.xml:26:17-99
148-->[me.carda:AndroidAwnCore:0.9.3] AndroidManifest.xml:26:25-96
149            </intent-filter>
150        </service>
151        <service
151-->[androidx.room:room-runtime:2.5.0] AndroidManifest.xml:24:9-28:63
152            android:name="androidx.room.MultiInstanceInvalidationService"
152-->[androidx.room:room-runtime:2.5.0] AndroidManifest.xml:25:13-74
153            android:directBootAware="true"
153-->[androidx.room:room-runtime:2.5.0] AndroidManifest.xml:26:13-43
154            android:exported="false" />
154-->[androidx.room:room-runtime:2.5.0] AndroidManifest.xml:27:13-37
155
156        <uses-library
156-->[androidx.window:window:1.0.0-beta04] AndroidManifest.xml:25:9-27:40
157            android:name="androidx.window.extensions"
157-->[androidx.window:window:1.0.0-beta04] AndroidManifest.xml:26:13-54
158            android:required="false" />
158-->[androidx.window:window:1.0.0-beta04] AndroidManifest.xml:27:13-37
159        <uses-library
159-->[androidx.window:window:1.0.0-beta04] AndroidManifest.xml:28:9-30:40
160            android:name="androidx.window.sidecar"
160-->[androidx.window:window:1.0.0-beta04] AndroidManifest.xml:29:13-51
161            android:required="false" />
161-->[androidx.window:window:1.0.0-beta04] AndroidManifest.xml:30:13-37
162
163        <provider
163-->[androidx.emoji2:emoji2:1.2.0] AndroidManifest.xml:24:9-32:20
164            android:name="androidx.startup.InitializationProvider"
164-->[androidx.emoji2:emoji2:1.2.0] AndroidManifest.xml:25:13-67
165            android:authorities="com.expensemanager.com.expense_manager.androidx-startup"
165-->[androidx.emoji2:emoji2:1.2.0] AndroidManifest.xml:26:13-68
166            android:exported="false" >
166-->[androidx.emoji2:emoji2:1.2.0] AndroidManifest.xml:27:13-37
167            <meta-data
167-->[androidx.emoji2:emoji2:1.2.0] AndroidManifest.xml:29:13-31:52
168                android:name="androidx.emoji2.text.EmojiCompatInitializer"
168-->[androidx.emoji2:emoji2:1.2.0] AndroidManifest.xml:30:17-75
169                android:value="androidx.startup" />
169-->[androidx.emoji2:emoji2:1.2.0] AndroidManifest.xml:31:17-49
170            <meta-data
170-->[androidx.lifecycle:lifecycle-process:2.6.1] AndroidManifest.xml:29:13-31:52
171                android:name="androidx.lifecycle.ProcessLifecycleInitializer"
171-->[androidx.lifecycle:lifecycle-process:2.6.1] AndroidManifest.xml:30:17-78
172                android:value="androidx.startup" />
172-->[androidx.lifecycle:lifecycle-process:2.6.1] AndroidManifest.xml:31:17-49
173            <meta-data
173-->[androidx.profileinstaller:profileinstaller:1.3.0] AndroidManifest.xml:29:13-31:52
174                android:name="androidx.profileinstaller.ProfileInstallerInitializer"
174-->[androidx.profileinstaller:profileinstaller:1.3.0] AndroidManifest.xml:30:17-85
175                android:value="androidx.startup" />
175-->[androidx.profileinstaller:profileinstaller:1.3.0] AndroidManifest.xml:31:17-49
176        </provider>
177
178        <receiver
178-->[androidx.profileinstaller:profileinstaller:1.3.0] AndroidManifest.xml:34:9-52:20
179            android:name="androidx.profileinstaller.ProfileInstallReceiver"
179-->[androidx.profileinstaller:profileinstaller:1.3.0] AndroidManifest.xml:35:13-76
180            android:directBootAware="false"
180-->[androidx.profileinstaller:profileinstaller:1.3.0] AndroidManifest.xml:36:13-44
181            android:enabled="true"
181-->[androidx.profileinstaller:profileinstaller:1.3.0] AndroidManifest.xml:37:13-35
182            android:exported="true"
182-->[androidx.profileinstaller:profileinstaller:1.3.0] AndroidManifest.xml:38:13-36
183            android:permission="android.permission.DUMP" >
183-->[androidx.profileinstaller:profileinstaller:1.3.0] AndroidManifest.xml:39:13-57
184            <intent-filter>
184-->[androidx.profileinstaller:profileinstaller:1.3.0] AndroidManifest.xml:40:13-42:29
185                <action android:name="androidx.profileinstaller.action.INSTALL_PROFILE" />
185-->[androidx.profileinstaller:profileinstaller:1.3.0] AndroidManifest.xml:41:17-91
185-->[androidx.profileinstaller:profileinstaller:1.3.0] AndroidManifest.xml:41:25-88
186            </intent-filter>
187            <intent-filter>
187-->[androidx.profileinstaller:profileinstaller:1.3.0] AndroidManifest.xml:43:13-45:29
188                <action android:name="androidx.profileinstaller.action.SKIP_FILE" />
188-->[androidx.profileinstaller:profileinstaller:1.3.0] AndroidManifest.xml:44:17-85
188-->[androidx.profileinstaller:profileinstaller:1.3.0] AndroidManifest.xml:44:25-82
189            </intent-filter>
190            <intent-filter>
190-->[androidx.profileinstaller:profileinstaller:1.3.0] AndroidManifest.xml:46:13-48:29
191                <action android:name="androidx.profileinstaller.action.SAVE_PROFILE" />
191-->[androidx.profileinstaller:profileinstaller:1.3.0] AndroidManifest.xml:47:17-88
191-->[androidx.profileinstaller:profileinstaller:1.3.0] AndroidManifest.xml:47:25-85
192            </intent-filter>
193            <intent-filter>
193-->[androidx.profileinstaller:profileinstaller:1.3.0] AndroidManifest.xml:49:13-51:29
194                <action android:name="androidx.profileinstaller.action.BENCHMARK_OPERATION" />
194-->[androidx.profileinstaller:profileinstaller:1.3.0] AndroidManifest.xml:50:17-95
194-->[androidx.profileinstaller:profileinstaller:1.3.0] AndroidManifest.xml:50:25-92
195            </intent-filter>
196        </receiver>
197    </application>
198
199</manifest>